<?xml version="1.0" encoding="UTF-8"?>
<testsuite xmlns:xsi="http://www.w3.org/2001/XMLSchema-instance" xsi:noNamespaceSchemaLocation="https://maven.apache.org/surefire/maven-surefire-plugin/xsd/surefire-test-report-3.0.xsd" version="3.0" name="dev.shann.mcuserservice.McUserServiceTest" time="0.649" tests="4" errors="0" skipped="0" failures="0">
  <properties>
    <property name="java.specification.version" value="21"/>
    <property name="sun.jnu.encoding" value="UTF-8"/>
    <property name="java.class.path" value="/Users/shantanukumar/IdeaProjects/mcuserservice/target/test-classes:/Users/shantanukumar/IdeaProjects/mcuserservice/target/classes:/Users/shantanukumar/.m2/repository/org/springframework/boot/spring-boot-starter-data-jpa/3.1.4/spring-boot-starter-data-jpa-3.1.4.jar:/Users/shantanukumar/.m2/repository/org/springframework/boot/spring-boot-starter-aop/3.1.4/spring-boot-starter-aop-3.1.4.jar:/Users/shantanukumar/.m2/repository/org/springframework/spring-aop/6.0.12/spring-aop-6.0.12.jar:/Users/shantanukumar/.m2/repository/org/aspectj/aspectjweaver/1.9.20/aspectjweaver-1.9.20.jar:/Users/shantanukumar/.m2/repository/org/springframework/boot/spring-boot-starter-jdbc/3.1.4/spring-boot-starter-jdbc-3.1.4.jar:/Users/shantanukumar/.m2/repository/com/zaxxer/HikariCP/5.0.1/HikariCP-5.0.1.jar:/Users/shantanukumar/.m2/repository/org/springframework/spring-jdbc/6.0.12/spring-jdbc-6.0.12.jar:/Users/shantanukumar/.m2/repository/org/hibernate/orm/hibernate-core/6.2.9.Final/hibernate-core-6.2.9.Final.jar:/Users/shantanukumar/.m2/repository/jakarta/persistence/jakarta.persistence-api/3.1.0/jakarta.persistence-api-3.1.0.jar:/Users/shantanukumar/.m2/repository/jakarta/transaction/jakarta.transaction-api/2.0.1/jakarta.transaction-api-2.0.1.jar:/Users/shantanukumar/.m2/repository/org/jboss/logging/jboss-logging/3.5.3.Final/jboss-logging-3.5.3.Final.jar:/Users/shantanukumar/.m2/repository/org/hibernate/common/hibernate-commons-annotations/6.0.6.Final/hibernate-commons-annotations-6.0.6.Final.jar:/Users/shantanukumar/.m2/repository/io/smallrye/jandex/3.0.5/jandex-3.0.5.jar:/Users/shantanukumar/.m2/repository/com/fasterxml/classmate/1.5.1/classmate-1.5.1.jar:/Users/shantanukumar/.m2/repository/net/bytebuddy/byte-buddy/1.14.8/byte-buddy-1.14.8.jar:/Users/shantanukumar/.m2/repository/org/glassfish/jaxb/jaxb-runtime/4.0.3/jaxb-runtime-4.0.3.jar:/Users/shantanukumar/.m2/repository/org/glassfish/jaxb/jaxb-core/4.0.3/jaxb-core-4.0.3.jar:/Users/shantanukumar/.m2/repository/org/eclipse/angus/angus-activation/2.0.1/angus-activation-2.0.1.jar:/Users/shantanukumar/.m2/repository/org/glassfish/jaxb/txw2/4.0.3/txw2-4.0.3.jar:/Users/shantanukumar/.m2/repository/com/sun/istack/istack-commons-runtime/4.1.2/istack-commons-runtime-4.1.2.jar:/Users/shantanukumar/.m2/repository/jakarta/inject/jakarta.inject-api/2.0.1/jakarta.inject-api-2.0.1.jar:/Users/shantanukumar/.m2/repository/org/antlr/antlr4-runtime/4.10.1/antlr4-runtime-4.10.1.jar:/Users/shantanukumar/.m2/repository/org/springframework/data/spring-data-jpa/3.1.4/spring-data-jpa-3.1.4.jar:/Users/shantanukumar/.m2/repository/org/springframework/data/spring-data-commons/3.1.4/spring-data-commons-3.1.4.jar:/Users/shantanukumar/.m2/repository/org/springframework/spring-orm/6.0.12/spring-orm-6.0.12.jar:/Users/shantanukumar/.m2/repository/org/springframework/spring-context/6.0.12/spring-context-6.0.12.jar:/Users/shantanukumar/.m2/repository/org/springframework/spring-tx/6.0.12/spring-tx-6.0.12.jar:/Users/shantanukumar/.m2/repository/org/springframework/spring-beans/6.0.12/spring-beans-6.0.12.jar:/Users/shantanukumar/.m2/repository/jakarta/annotation/jakarta.annotation-api/2.1.1/jakarta.annotation-api-2.1.1.jar:/Users/shantanukumar/.m2/repository/org/slf4j/slf4j-api/2.0.9/slf4j-api-2.0.9.jar:/Users/shantanukumar/.m2/repository/org/springframework/spring-aspects/6.0.12/spring-aspects-6.0.12.jar:/Users/shantanukumar/.m2/repository/org/springframework/boot/spring-boot-starter-web/3.1.4/spring-boot-starter-web-3.1.4.jar:/Users/shantanukumar/.m2/repository/org/springframework/boot/spring-boot-starter/3.1.4/spring-boot-starter-3.1.4.jar:/Users/shantanukumar/.m2/repository/org/springframework/boot/spring-boot-starter-logging/3.1.4/spring-boot-starter-logging-3.1.4.jar:/Users/shantanukumar/.m2/repository/ch/qos/logback/logback-classic/1.4.11/logback-classic-1.4.11.jar:/Users/shantanukumar/.m2/repository/ch/qos/logback/logback-core/1.4.11/logback-core-1.4.11.jar:/Users/shantanukumar/.m2/repository/org/apache/logging/log4j/log4j-to-slf4j/2.20.0/log4j-to-slf4j-2.20.0.jar:/Users/shantanukumar/.m2/repository/org/apache/logging/log4j/log4j-api/2.20.0/log4j-api-2.20.0.jar:/Users/shantanukumar/.m2/repository/org/slf4j/jul-to-slf4j/2.0.9/jul-to-slf4j-2.0.9.jar:/Users/shantanukumar/.m2/repository/org/yaml/snakeyaml/1.33/snakeyaml-1.33.jar:/Users/shantanukumar/.m2/repository/org/springframework/boot/spring-boot-starter-json/3.1.4/spring-boot-starter-json-3.1.4.jar:/Users/shantanukumar/.m2/repository/com/fasterxml/jackson/core/jackson-databind/2.15.2/jackson-databind-2.15.2.jar:/Users/shantanukumar/.m2/repository/com/fasterxml/jackson/datatype/jackson-datatype-jdk8/2.15.2/jackson-datatype-jdk8-2.15.2.jar:/Users/shantanukumar/.m2/repository/com/fasterxml/jackson/datatype/jackson-datatype-jsr310/2.15.2/jackson-datatype-jsr310-2.15.2.jar:/Users/shantanukumar/.m2/repository/com/fasterxml/jackson/module/jackson-module-parameter-names/2.15.2/jackson-module-parameter-names-2.15.2.jar:/Users/shantanukumar/.m2/repository/org/springframework/boot/spring-boot-starter-tomcat/3.1.4/spring-boot-starter-tomcat-3.1.4.jar:/Users/shantanukumar/.m2/repository/org/apache/tomcat/embed/tomcat-embed-core/10.1.13/tomcat-embed-core-10.1.13.jar:/Users/shantanukumar/.m2/repository/org/apache/tomcat/embed/tomcat-embed-el/10.1.13/tomcat-embed-el-10.1.13.jar:/Users/shantanukumar/.m2/repository/org/apache/tomcat/embed/tomcat-embed-websocket/10.1.13/tomcat-embed-websocket-10.1.13.jar:/Users/shantanukumar/.m2/repository/org/springframework/spring-web/6.0.12/spring-web-6.0.12.jar:/Users/shantanukumar/.m2/repository/io/micrometer/micrometer-observation/1.11.4/micrometer-observation-1.11.4.jar:/Users/shantanukumar/.m2/repository/io/micrometer/micrometer-commons/1.11.4/micrometer-commons-1.11.4.jar:/Users/shantanukumar/.m2/repository/org/springframework/spring-webmvc/6.0.12/spring-webmvc-6.0.12.jar:/Users/shantanukumar/.m2/repository/org/springframework/spring-expression/6.0.12/spring-expression-6.0.12.jar:/Users/shantanukumar/.m2/repository/org/springframework/boot/spring-boot-devtools/3.1.4/spring-boot-devtools-3.1.4.jar:/Users/shantanukumar/.m2/repository/org/springframework/boot/spring-boot/3.1.4/spring-boot-3.1.4.jar:/Users/shantanukumar/.m2/repository/org/springframework/boot/spring-boot-autoconfigure/3.1.4/spring-boot-autoconfigure-3.1.4.jar:/Users/shantanukumar/.m2/repository/com/mysql/mysql-connector-j/8.0.33/mysql-connector-j-8.0.33.jar:/Users/shantanukumar/.m2/repository/org/springframework/boot/spring-boot-configuration-processor/3.1.4/spring-boot-configuration-processor-3.1.4.jar:/Users/shantanukumar/.m2/repository/org/projectlombok/lombok/1.18.30/lombok-1.18.30.jar:/Users/shantanukumar/.m2/repository/org/springframework/boot/spring-boot-starter-test/3.1.4/spring-boot-starter-test-3.1.4.jar:/Users/shantanukumar/.m2/repository/org/springframework/boot/spring-boot-test/3.1.4/spring-boot-test-3.1.4.jar:/Users/shantanukumar/.m2/repository/org/springframework/boot/spring-boot-test-autoconfigure/3.1.4/spring-boot-test-autoconfigure-3.1.4.jar:/Users/shantanukumar/.m2/repository/com/jayway/jsonpath/json-path/2.8.0/json-path-2.8.0.jar:/Users/shantanukumar/.m2/repository/jakarta/xml/bind/jakarta.xml.bind-api/4.0.1/jakarta.xml.bind-api-4.0.1.jar:/Users/shantanukumar/.m2/repository/jakarta/activation/jakarta.activation-api/2.1.2/jakarta.activation-api-2.1.2.jar:/Users/shantanukumar/.m2/repository/net/minidev/json-smart/2.4.11/json-smart-2.4.11.jar:/Users/shantanukumar/.m2/repository/net/minidev/accessors-smart/2.4.11/accessors-smart-2.4.11.jar:/Users/shantanukumar/.m2/repository/org/ow2/asm/asm/9.3/asm-9.3.jar:/Users/shantanukumar/.m2/repository/org/assertj/assertj-core/3.24.2/assertj-core-3.24.2.jar:/Users/shantanukumar/.m2/repository/org/hamcrest/hamcrest/2.2/hamcrest-2.2.jar:/Users/shantanukumar/.m2/repository/org/junit/jupiter/junit-jupiter/5.9.3/junit-jupiter-5.9.3.jar:/Users/shantanukumar/.m2/repository/org/junit/jupiter/junit-jupiter-api/5.9.3/junit-jupiter-api-5.9.3.jar:/Users/shantanukumar/.m2/repository/org/opentest4j/opentest4j/1.2.0/opentest4j-1.2.0.jar:/Users/shantanukumar/.m2/repository/org/junit/platform/junit-platform-commons/1.9.3/junit-platform-commons-1.9.3.jar:/Users/shantanukumar/.m2/repository/org/apiguardian/apiguardian-api/1.1.2/apiguardian-api-1.1.2.jar:/Users/shantanukumar/.m2/repository/org/junit/jupiter/junit-jupiter-params/5.9.3/junit-jupiter-params-5.9.3.jar:/Users/shantanukumar/.m2/repository/org/junit/jupiter/junit-jupiter-engine/5.9.3/junit-jupiter-engine-5.9.3.jar:/Users/shantanukumar/.m2/repository/org/junit/platform/junit-platform-engine/1.9.3/junit-platform-engine-1.9.3.jar:/Users/shantanukumar/.m2/repository/org/mockito/mockito-core/5.3.1/mockito-core-5.3.1.jar:/Users/shantanukumar/.m2/repository/net/bytebuddy/byte-buddy-agent/1.14.8/byte-buddy-agent-1.14.8.jar:/Users/shantanukumar/.m2/repository/org/objenesis/objenesis/3.3/objenesis-3.3.jar:/Users/shantanukumar/.m2/repository/org/mockito/mockito-junit-jupiter/5.3.1/mockito-junit-jupiter-5.3.1.jar:/Users/shantanukumar/.m2/repository/org/skyscreamer/jsonassert/1.5.1/jsonassert-1.5.1.jar:/Users/shantanukumar/.m2/repository/com/vaadin/external/google/android-json/0.0.20131108.vaadin1/android-json-0.0.20131108.vaadin1.jar:/Users/shantanukumar/.m2/repository/org/springframework/spring-core/6.0.12/spring-core-6.0.12.jar:/Users/shantanukumar/.m2/repository/org/springframework/spring-jcl/6.0.12/spring-jcl-6.0.12.jar:/Users/shantanukumar/.m2/repository/org/springframework/spring-test/6.0.12/spring-test-6.0.12.jar:/Users/shantanukumar/.m2/repository/org/xmlunit/xmlunit-core/2.9.1/xmlunit-core-2.9.1.jar:/Users/shantanukumar/.m2/repository/com/h2database/h2/2.1.214/h2-2.1.214.jar:/Users/shantanukumar/.m2/repository/org/springframework/cloud/spring-cloud-starter-netflix-eureka-client/4.1.0/spring-cloud-starter-netflix-eureka-client-4.1.0.jar:/Users/shantanukumar/.m2/repository/org/springframework/cloud/spring-cloud-starter/4.0.4/spring-cloud-starter-4.0.4.jar:/Users/shantanukumar/.m2/repository/org/springframework/cloud/spring-cloud-context/4.0.4/spring-cloud-context-4.0.4.jar:/Users/shantanukumar/.m2/repository/org/springframework/security/spring-security-crypto/6.1.4/spring-security-crypto-6.1.4.jar:/Users/shantanukumar/.m2/repository/org/springframework/cloud/spring-cloud-commons/4.0.4/spring-cloud-commons-4.0.4.jar:/Users/shantanukumar/.m2/repository/org/springframework/security/spring-security-rsa/1.0.12.RELEASE/spring-security-rsa-1.0.12.RELEASE.jar:/Users/shantanukumar/.m2/repository/org/bouncycastle/bcpkix-jdk18on/1.73/bcpkix-jdk18on-1.73.jar:/Users/shantanukumar/.m2/repository/org/bouncycastle/bcprov-jdk18on/1.73/bcprov-jdk18on-1.73.jar:/Users/shantanukumar/.m2/repository/org/bouncycastle/bcutil-jdk18on/1.73/bcutil-jdk18on-1.73.jar:/Users/shantanukumar/.m2/repository/org/springframework/cloud/spring-cloud-netflix-eureka-client/4.0.3/spring-cloud-netflix-eureka-client-4.0.3.jar:/Users/shantanukumar/.m2/repository/org/apache/httpcomponents/client5/httpclient5/5.2.1/httpclient5-5.2.1.jar:/Users/shantanukumar/.m2/repository/org/apache/httpcomponents/core5/httpcore5/5.2.2/httpcore5-5.2.2.jar:/Users/shantanukumar/.m2/repository/org/apache/httpcomponents/core5/httpcore5-h2/5.2.2/httpcore5-h2-5.2.2.jar:/Users/shantanukumar/.m2/repository/com/netflix/eureka/eureka-client/2.0.1/eureka-client-2.0.1.jar:/Users/shantanukumar/.m2/repository/com/netflix/netflix-commons/netflix-eventbus/0.3.0/netflix-eventbus-0.3.0.jar:/Users/shantanukumar/.m2/repository/com/netflix/netflix-commons/netflix-infix/0.3.0/netflix-infix-0.3.0.jar:/Users/shantanukumar/.m2/repository/commons-jxpath/commons-jxpath/1.3/commons-jxpath-1.3.jar:/Users/shantanukumar/.m2/repository/joda-time/joda-time/2.3/joda-time-2.3.jar:/Users/shantanukumar/.m2/repository/org/antlr/antlr-runtime/3.4/antlr-runtime-3.4.jar:/Users/shantanukumar/.m2/repository/org/antlr/stringtemplate/3.2.1/stringtemplate-3.2.1.jar:/Users/shantanukumar/.m2/repository/antlr/antlr/2.7.7/antlr-2.7.7.jar:/Users/shantanukumar/.m2/repository/com/google/code/gson/gson/2.10.1/gson-2.10.1.jar:/Users/shantanukumar/.m2/repository/org/apache/commons/commons-math/2.2/commons-math-2.2.jar:/Users/shantanukumar/.m2/repository/com/thoughtworks/xstream/xstream/1.4.19/xstream-1.4.19.jar:/Users/shantanukumar/.m2/repository/io/github/x-stream/mxparser/1.2.2/mxparser-1.2.2.jar:/Users/shantanukumar/.m2/repository/xmlpull/xmlpull/1.1.3.1/xmlpull-1.1.3.1.jar:/Users/shantanukumar/.m2/repository/jakarta/ws/rs/jakarta.ws.rs-api/3.1.0/jakarta.ws.rs-api-3.1.0.jar:/Users/shantanukumar/.m2/repository/com/netflix/servo/servo-core/0.12.21/servo-core-0.12.21.jar:/Users/shantanukumar/.m2/repository/com/google/guava/guava/19.0/guava-19.0.jar:/Users/shantanukumar/.m2/repository/org/apache/httpcomponents/httpclient/4.5.3/httpclient-4.5.3.jar:/Users/shantanukumar/.m2/repository/org/apache/httpcomponents/httpcore/4.4.16/httpcore-4.4.16.jar:/Users/shantanukumar/.m2/repository/commons-codec/commons-codec/1.15/commons-codec-1.15.jar:/Users/shantanukumar/.m2/repository/commons-configuration/commons-configuration/1.10/commons-configuration-1.10.jar:/Users/shantanukumar/.m2/repository/commons-lang/commons-lang/2.6/commons-lang-2.6.jar:/Users/shantanukumar/.m2/repository/com/fasterxml/jackson/core/jackson-annotations/2.15.2/jackson-annotations-2.15.2.jar:/Users/shantanukumar/.m2/repository/com/fasterxml/jackson/core/jackson-core/2.15.2/jackson-core-2.15.2.jar:/Users/shantanukumar/.m2/repository/org/codehaus/jettison/jettison/1.4.0/jettison-1.4.0.jar:/Users/shantanukumar/.m2/repository/com/netflix/eureka/eureka-core/2.0.1/eureka-core-2.0.1.jar:/Users/shantanukumar/.m2/repository/com/fasterxml/woodstox/woodstox-core/6.2.1/woodstox-core-6.2.1.jar:/Users/shantanukumar/.m2/repository/org/codehaus/woodstox/stax2-api/4.2.1/stax2-api-4.2.1.jar:/Users/shantanukumar/.m2/repository/org/springframework/cloud/spring-cloud-starter-loadbalancer/4.0.4/spring-cloud-starter-loadbalancer-4.0.4.jar:/Users/shantanukumar/.m2/repository/org/springframework/cloud/spring-cloud-loadbalancer/4.0.4/spring-cloud-loadbalancer-4.0.4.jar:/Users/shantanukumar/.m2/repository/io/projectreactor/reactor-core/3.5.10/reactor-core-3.5.10.jar:/Users/shantanukumar/.m2/repository/org/reactivestreams/reactive-streams/1.0.4/reactive-streams-1.0.4.jar:/Users/shantanukumar/.m2/repository/io/projectreactor/addons/reactor-extra/3.5.1/reactor-extra-3.5.1.jar:/Users/shantanukumar/.m2/repository/org/springframework/boot/spring-boot-starter-cache/3.1.4/spring-boot-starter-cache-3.1.4.jar:/Users/shantanukumar/.m2/repository/org/springframework/spring-context-support/6.0.12/spring-context-support-6.0.12.jar:/Users/shantanukumar/.m2/repository/com/stoyanr/evictor/1.0.0/evictor-1.0.0.jar:"/>
    <property name="java.vm.vendor" value="Homebrew"/>
    <property name="sun.arch.data.model" value="64"/>
    <property name="java.vendor.url" value="https://github.com/Homebrew/homebrew-core/issues"/>
    <property name="user.timezone" value="Asia/Kolkata"/>
    <property name="os.name" value="Mac OS X"/>
    <property name="java.vm.specification.version" value="21"/>
    <property name="sun.java.launcher" value="SUN_STANDARD"/>
    <property name="user.country" value="IN"/>
    <property name="sun.boot.library.path" value="/opt/homebrew/Cellar/openjdk/21.0.1/libexec/openjdk.jdk/Contents/Home/lib"/>
    <property name="sun.java.command" value="/Users/shantanukumar/IdeaProjects/mcuserservice/target/surefire/surefirebooter-20240313200221960_3.jar /Users/shantanukumar/IdeaProjects/mcuserservice/target/surefire 2024-03-13T20-02-21_913-jvmRun1 surefire-20240313200221960_1tmp surefire_0-20240313200221960_2tmp"/>
    <property name="http.nonProxyHosts" value="local|*.local|169.254/16|*.169.254/16"/>
    <property name="jdk.debug" value="release"/>
    <property name="surefire.test.class.path" value="/Users/shantanukumar/IdeaProjects/mcuserservice/target/test-classes:/Users/shantanukumar/IdeaProjects/mcuserservice/target/classes:/Users/shantanukumar/.m2/repository/org/springframework/boot/spring-boot-starter-data-jpa/3.1.4/spring-boot-starter-data-jpa-3.1.4.jar:/Users/shantanukumar/.m2/repository/org/springframework/boot/spring-boot-starter-aop/3.1.4/spring-boot-starter-aop-3.1.4.jar:/Users/shantanukumar/.m2/repository/org/springframework/spring-aop/6.0.12/spring-aop-6.0.12.jar:/Users/shantanukumar/.m2/repository/org/aspectj/aspectjweaver/1.9.20/aspectjweaver-1.9.20.jar:/Users/shantanukumar/.m2/repository/org/springframework/boot/spring-boot-starter-jdbc/3.1.4/spring-boot-starter-jdbc-3.1.4.jar:/Users/shantanukumar/.m2/repository/com/zaxxer/HikariCP/5.0.1/HikariCP-5.0.1.jar:/Users/shantanukumar/.m2/repository/org/springframework/spring-jdbc/6.0.12/spring-jdbc-6.0.12.jar:/Users/shantanukumar/.m2/repository/org/hibernate/orm/hibernate-core/6.2.9.Final/hibernate-core-6.2.9.Final.jar:/Users/shantanukumar/.m2/repository/jakarta/persistence/jakarta.persistence-api/3.1.0/jakarta.persistence-api-3.1.0.jar:/Users/shantanukumar/.m2/repository/jakarta/transaction/jakarta.transaction-api/2.0.1/jakarta.transaction-api-2.0.1.jar:/Users/shantanukumar/.m2/repository/org/jboss/logging/jboss-logging/3.5.3.Final/jboss-logging-3.5.3.Final.jar:/Users/shantanukumar/.m2/repository/org/hibernate/common/hibernate-commons-annotations/6.0.6.Final/hibernate-commons-annotations-6.0.6.Final.jar:/Users/shantanukumar/.m2/repository/io/smallrye/jandex/3.0.5/jandex-3.0.5.jar:/Users/shantanukumar/.m2/repository/com/fasterxml/classmate/1.5.1/classmate-1.5.1.jar:/Users/shantanukumar/.m2/repository/net/bytebuddy/byte-buddy/1.14.8/byte-buddy-1.14.8.jar:/Users/shantanukumar/.m2/repository/org/glassfish/jaxb/jaxb-runtime/4.0.3/jaxb-runtime-4.0.3.jar:/Users/shantanukumar/.m2/repository/org/glassfish/jaxb/jaxb-core/4.0.3/jaxb-core-4.0.3.jar:/Users/shantanukumar/.m2/repository/org/eclipse/angus/angus-activation/2.0.1/angus-activation-2.0.1.jar:/Users/shantanukumar/.m2/repository/org/glassfish/jaxb/txw2/4.0.3/txw2-4.0.3.jar:/Users/shantanukumar/.m2/repository/com/sun/istack/istack-commons-runtime/4.1.2/istack-commons-runtime-4.1.2.jar:/Users/shantanukumar/.m2/repository/jakarta/inject/jakarta.inject-api/2.0.1/jakarta.inject-api-2.0.1.jar:/Users/shantanukumar/.m2/repository/org/antlr/antlr4-runtime/4.10.1/antlr4-runtime-4.10.1.jar:/Users/shantanukumar/.m2/repository/org/springframework/data/spring-data-jpa/3.1.4/spring-data-jpa-3.1.4.jar:/Users/shantanukumar/.m2/repository/org/springframework/data/spring-data-commons/3.1.4/spring-data-commons-3.1.4.jar:/Users/shantanukumar/.m2/repository/org/springframework/spring-orm/6.0.12/spring-orm-6.0.12.jar:/Users/shantanukumar/.m2/repository/org/springframework/spring-context/6.0.12/spring-context-6.0.12.jar:/Users/shantanukumar/.m2/repository/org/springframework/spring-tx/6.0.12/spring-tx-6.0.12.jar:/Users/shantanukumar/.m2/repository/org/springframework/spring-beans/6.0.12/spring-beans-6.0.12.jar:/Users/shantanukumar/.m2/repository/jakarta/annotation/jakarta.annotation-api/2.1.1/jakarta.annotation-api-2.1.1.jar:/Users/shantanukumar/.m2/repository/org/slf4j/slf4j-api/2.0.9/slf4j-api-2.0.9.jar:/Users/shantanukumar/.m2/repository/org/springframework/spring-aspects/6.0.12/spring-aspects-6.0.12.jar:/Users/shantanukumar/.m2/repository/org/springframework/boot/spring-boot-starter-web/3.1.4/spring-boot-starter-web-3.1.4.jar:/Users/shantanukumar/.m2/repository/org/springframework/boot/spring-boot-starter/3.1.4/spring-boot-starter-3.1.4.jar:/Users/shantanukumar/.m2/repository/org/springframework/boot/spring-boot-starter-logging/3.1.4/spring-boot-starter-logging-3.1.4.jar:/Users/shantanukumar/.m2/repository/ch/qos/logback/logback-classic/1.4.11/logback-classic-1.4.11.jar:/Users/shantanukumar/.m2/repository/ch/qos/logback/logback-core/1.4.11/logback-core-1.4.11.jar:/Users/shantanukumar/.m2/repository/org/apache/logging/log4j/log4j-to-slf4j/2.20.0/log4j-to-slf4j-2.20.0.jar:/Users/shantanukumar/.m2/repository/org/apache/logging/log4j/log4j-api/2.20.0/log4j-api-2.20.0.jar:/Users/shantanukumar/.m2/repository/org/slf4j/jul-to-slf4j/2.0.9/jul-to-slf4j-2.0.9.jar:/Users/shantanukumar/.m2/repository/org/yaml/snakeyaml/1.33/snakeyaml-1.33.jar:/Users/shantanukumar/.m2/repository/org/springframework/boot/spring-boot-starter-json/3.1.4/spring-boot-starter-json-3.1.4.jar:/Users/shantanukumar/.m2/repository/com/fasterxml/jackson/core/jackson-databind/2.15.2/jackson-databind-2.15.2.jar:/Users/shantanukumar/.m2/repository/com/fasterxml/jackson/datatype/jackson-datatype-jdk8/2.15.2/jackson-datatype-jdk8-2.15.2.jar:/Users/shantanukumar/.m2/repository/com/fasterxml/jackson/datatype/jackson-datatype-jsr310/2.15.2/jackson-datatype-jsr310-2.15.2.jar:/Users/shantanukumar/.m2/repository/com/fasterxml/jackson/module/jackson-module-parameter-names/2.15.2/jackson-module-parameter-names-2.15.2.jar:/Users/shantanukumar/.m2/repository/org/springframework/boot/spring-boot-starter-tomcat/3.1.4/spring-boot-starter-tomcat-3.1.4.jar:/Users/shantanukumar/.m2/repository/org/apache/tomcat/embed/tomcat-embed-core/10.1.13/tomcat-embed-core-10.1.13.jar:/Users/shantanukumar/.m2/repository/org/apache/tomcat/embed/tomcat-embed-el/10.1.13/tomcat-embed-el-10.1.13.jar:/Users/shantanukumar/.m2/repository/org/apache/tomcat/embed/tomcat-embed-websocket/10.1.13/tomcat-embed-websocket-10.1.13.jar:/Users/shantanukumar/.m2/repository/org/springframework/spring-web/6.0.12/spring-web-6.0.12.jar:/Users/shantanukumar/.m2/repository/io/micrometer/micrometer-observation/1.11.4/micrometer-observation-1.11.4.jar:/Users/shantanukumar/.m2/repository/io/micrometer/micrometer-commons/1.11.4/micrometer-commons-1.11.4.jar:/Users/shantanukumar/.m2/repository/org/springframework/spring-webmvc/6.0.12/spring-webmvc-6.0.12.jar:/Users/shantanukumar/.m2/repository/org/springframework/spring-expression/6.0.12/spring-expression-6.0.12.jar:/Users/shantanukumar/.m2/repository/org/springframework/boot/spring-boot-devtools/3.1.4/spring-boot-devtools-3.1.4.jar:/Users/shantanukumar/.m2/repository/org/springframework/boot/spring-boot/3.1.4/spring-boot-3.1.4.jar:/Users/shantanukumar/.m2/repository/org/springframework/boot/spring-boot-autoconfigure/3.1.4/spring-boot-autoconfigure-3.1.4.jar:/Users/shantanukumar/.m2/repository/com/mysql/mysql-connector-j/8.0.33/mysql-connector-j-8.0.33.jar:/Users/shantanukumar/.m2/repository/org/springframework/boot/spring-boot-configuration-processor/3.1.4/spring-boot-configuration-processor-3.1.4.jar:/Users/shantanukumar/.m2/repository/org/projectlombok/lombok/1.18.30/lombok-1.18.30.jar:/Users/shantanukumar/.m2/repository/org/springframework/boot/spring-boot-starter-test/3.1.4/spring-boot-starter-test-3.1.4.jar:/Users/shantanukumar/.m2/repository/org/springframework/boot/spring-boot-test/3.1.4/spring-boot-test-3.1.4.jar:/Users/shantanukumar/.m2/repository/org/springframework/boot/spring-boot-test-autoconfigure/3.1.4/spring-boot-test-autoconfigure-3.1.4.jar:/Users/shantanukumar/.m2/repository/com/jayway/jsonpath/json-path/2.8.0/json-path-2.8.0.jar:/Users/shantanukumar/.m2/repository/jakarta/xml/bind/jakarta.xml.bind-api/4.0.1/jakarta.xml.bind-api-4.0.1.jar:/Users/shantanukumar/.m2/repository/jakarta/activation/jakarta.activation-api/2.1.2/jakarta.activation-api-2.1.2.jar:/Users/shantanukumar/.m2/repository/net/minidev/json-smart/2.4.11/json-smart-2.4.11.jar:/Users/shantanukumar/.m2/repository/net/minidev/accessors-smart/2.4.11/accessors-smart-2.4.11.jar:/Users/shantanukumar/.m2/repository/org/ow2/asm/asm/9.3/asm-9.3.jar:/Users/shantanukumar/.m2/repository/org/assertj/assertj-core/3.24.2/assertj-core-3.24.2.jar:/Users/shantanukumar/.m2/repository/org/hamcrest/hamcrest/2.2/hamcrest-2.2.jar:/Users/shantanukumar/.m2/repository/org/junit/jupiter/junit-jupiter/5.9.3/junit-jupiter-5.9.3.jar:/Users/shantanukumar/.m2/repository/org/junit/jupiter/junit-jupiter-api/5.9.3/junit-jupiter-api-5.9.3.jar:/Users/shantanukumar/.m2/repository/org/opentest4j/opentest4j/1.2.0/opentest4j-1.2.0.jar:/Users/shantanukumar/.m2/repository/org/junit/platform/junit-platform-commons/1.9.3/junit-platform-commons-1.9.3.jar:/Users/shantanukumar/.m2/repository/org/apiguardian/apiguardian-api/1.1.2/apiguardian-api-1.1.2.jar:/Users/shantanukumar/.m2/repository/org/junit/jupiter/junit-jupiter-params/5.9.3/junit-jupiter-params-5.9.3.jar:/Users/shantanukumar/.m2/repository/org/junit/jupiter/junit-jupiter-engine/5.9.3/junit-jupiter-engine-5.9.3.jar:/Users/shantanukumar/.m2/repository/org/junit/platform/junit-platform-engine/1.9.3/junit-platform-engine-1.9.3.jar:/Users/shantanukumar/.m2/repository/org/mockito/mockito-core/5.3.1/mockito-core-5.3.1.jar:/Users/shantanukumar/.m2/repository/net/bytebuddy/byte-buddy-agent/1.14.8/byte-buddy-agent-1.14.8.jar:/Users/shantanukumar/.m2/repository/org/objenesis/objenesis/3.3/objenesis-3.3.jar:/Users/shantanukumar/.m2/repository/org/mockito/mockito-junit-jupiter/5.3.1/mockito-junit-jupiter-5.3.1.jar:/Users/shantanukumar/.m2/repository/org/skyscreamer/jsonassert/1.5.1/jsonassert-1.5.1.jar:/Users/shantanukumar/.m2/repository/com/vaadin/external/google/android-json/0.0.20131108.vaadin1/android-json-0.0.20131108.vaadin1.jar:/Users/shantanukumar/.m2/repository/org/springframework/spring-core/6.0.12/spring-core-6.0.12.jar:/Users/shantanukumar/.m2/repository/org/springframework/spring-jcl/6.0.12/spring-jcl-6.0.12.jar:/Users/shantanukumar/.m2/repository/org/springframework/spring-test/6.0.12/spring-test-6.0.12.jar:/Users/shantanukumar/.m2/repository/org/xmlunit/xmlunit-core/2.9.1/xmlunit-core-2.9.1.jar:/Users/shantanukumar/.m2/repository/com/h2database/h2/2.1.214/h2-2.1.214.jar:/Users/shantanukumar/.m2/repository/org/springframework/cloud/spring-cloud-starter-netflix-eureka-client/4.1.0/spring-cloud-starter-netflix-eureka-client-4.1.0.jar:/Users/shantanukumar/.m2/repository/org/springframework/cloud/spring-cloud-starter/4.0.4/spring-cloud-starter-4.0.4.jar:/Users/shantanukumar/.m2/repository/org/springframework/cloud/spring-cloud-context/4.0.4/spring-cloud-context-4.0.4.jar:/Users/shantanukumar/.m2/repository/org/springframework/security/spring-security-crypto/6.1.4/spring-security-crypto-6.1.4.jar:/Users/shantanukumar/.m2/repository/org/springframework/cloud/spring-cloud-commons/4.0.4/spring-cloud-commons-4.0.4.jar:/Users/shantanukumar/.m2/repository/org/springframework/security/spring-security-rsa/1.0.12.RELEASE/spring-security-rsa-1.0.12.RELEASE.jar:/Users/shantanukumar/.m2/repository/org/bouncycastle/bcpkix-jdk18on/1.73/bcpkix-jdk18on-1.73.jar:/Users/shantanukumar/.m2/repository/org/bouncycastle/bcprov-jdk18on/1.73/bcprov-jdk18on-1.73.jar:/Users/shantanukumar/.m2/repository/org/bouncycastle/bcutil-jdk18on/1.73/bcutil-jdk18on-1.73.jar:/Users/shantanukumar/.m2/repository/org/springframework/cloud/spring-cloud-netflix-eureka-client/4.0.3/spring-cloud-netflix-eureka-client-4.0.3.jar:/Users/shantanukumar/.m2/repository/org/apache/httpcomponents/client5/httpclient5/5.2.1/httpclient5-5.2.1.jar:/Users/shantanukumar/.m2/repository/org/apache/httpcomponents/core5/httpcore5/5.2.2/httpcore5-5.2.2.jar:/Users/shantanukumar/.m2/repository/org/apache/httpcomponents/core5/httpcore5-h2/5.2.2/httpcore5-h2-5.2.2.jar:/Users/shantanukumar/.m2/repository/com/netflix/eureka/eureka-client/2.0.1/eureka-client-2.0.1.jar:/Users/shantanukumar/.m2/repository/com/netflix/netflix-commons/netflix-eventbus/0.3.0/netflix-eventbus-0.3.0.jar:/Users/shantanukumar/.m2/repository/com/netflix/netflix-commons/netflix-infix/0.3.0/netflix-infix-0.3.0.jar:/Users/shantanukumar/.m2/repository/commons-jxpath/commons-jxpath/1.3/commons-jxpath-1.3.jar:/Users/shantanukumar/.m2/repository/joda-time/joda-time/2.3/joda-time-2.3.jar:/Users/shantanukumar/.m2/repository/org/antlr/antlr-runtime/3.4/antlr-runtime-3.4.jar:/Users/shantanukumar/.m2/repository/org/antlr/stringtemplate/3.2.1/stringtemplate-3.2.1.jar:/Users/shantanukumar/.m2/repository/antlr/antlr/2.7.7/antlr-2.7.7.jar:/Users/shantanukumar/.m2/repository/com/google/code/gson/gson/2.10.1/gson-2.10.1.jar:/Users/shantanukumar/.m2/repository/org/apache/commons/commons-math/2.2/commons-math-2.2.jar:/Users/shantanukumar/.m2/repository/com/thoughtworks/xstream/xstream/1.4.19/xstream-1.4.19.jar:/Users/shantanukumar/.m2/repository/io/github/x-stream/mxparser/1.2.2/mxparser-1.2.2.jar:/Users/shantanukumar/.m2/repository/xmlpull/xmlpull/1.1.3.1/xmlpull-1.1.3.1.jar:/Users/shantanukumar/.m2/repository/jakarta/ws/rs/jakarta.ws.rs-api/3.1.0/jakarta.ws.rs-api-3.1.0.jar:/Users/shantanukumar/.m2/repository/com/netflix/servo/servo-core/0.12.21/servo-core-0.12.21.jar:/Users/shantanukumar/.m2/repository/com/google/guava/guava/19.0/guava-19.0.jar:/Users/shantanukumar/.m2/repository/org/apache/httpcomponents/httpclient/4.5.3/httpclient-4.5.3.jar:/Users/shantanukumar/.m2/repository/org/apache/httpcomponents/httpcore/4.4.16/httpcore-4.4.16.jar:/Users/shantanukumar/.m2/repository/commons-codec/commons-codec/1.15/commons-codec-1.15.jar:/Users/shantanukumar/.m2/repository/commons-configuration/commons-configuration/1.10/commons-configuration-1.10.jar:/Users/shantanukumar/.m2/repository/commons-lang/commons-lang/2.6/commons-lang-2.6.jar:/Users/shantanukumar/.m2/repository/com/fasterxml/jackson/core/jackson-annotations/2.15.2/jackson-annotations-2.15.2.jar:/Users/shantanukumar/.m2/repository/com/fasterxml/jackson/core/jackson-core/2.15.2/jackson-core-2.15.2.jar:/Users/shantanukumar/.m2/repository/org/codehaus/jettison/jettison/1.4.0/jettison-1.4.0.jar:/Users/shantanukumar/.m2/repository/com/netflix/eureka/eureka-core/2.0.1/eureka-core-2.0.1.jar:/Users/shantanukumar/.m2/repository/com/fasterxml/woodstox/woodstox-core/6.2.1/woodstox-core-6.2.1.jar:/Users/shantanukumar/.m2/repository/org/codehaus/woodstox/stax2-api/4.2.1/stax2-api-4.2.1.jar:/Users/shantanukumar/.m2/repository/org/springframework/cloud/spring-cloud-starter-loadbalancer/4.0.4/spring-cloud-starter-loadbalancer-4.0.4.jar:/Users/shantanukumar/.m2/repository/org/springframework/cloud/spring-cloud-loadbalancer/4.0.4/spring-cloud-loadbalancer-4.0.4.jar:/Users/shantanukumar/.m2/repository/io/projectreactor/reactor-core/3.5.10/reactor-core-3.5.10.jar:/Users/shantanukumar/.m2/repository/org/reactivestreams/reactive-streams/1.0.4/reactive-streams-1.0.4.jar:/Users/shantanukumar/.m2/repository/io/projectreactor/addons/reactor-extra/3.5.1/reactor-extra-3.5.1.jar:/Users/shantanukumar/.m2/repository/org/springframework/boot/spring-boot-starter-cache/3.1.4/spring-boot-starter-cache-3.1.4.jar:/Users/shantanukumar/.m2/repository/org/springframework/spring-context-support/6.0.12/spring-context-support-6.0.12.jar:/Users/shantanukumar/.m2/repository/com/stoyanr/evictor/1.0.0/evictor-1.0.0.jar:"/>
    <property name="sun.cpu.endian" value="little"/>
    <property name="user.home" value="/Users/shantanukumar"/>
    <property name="user.language" value="en"/>
    <property name="java.specification.vendor" value="Oracle Corporation"/>
    <property name="java.version.date" value="2023-10-17"/>
    <property name="java.home" value="/opt/homebrew/Cellar/openjdk/21.0.1/libexec/openjdk.jdk/Contents/Home"/>
    <property name="file.separator" value="/"/>
    <property name="basedir" value="/Users/shantanukumar/IdeaProjects/mcuserservice"/>
    <property name="java.vm.compressedOopsMode" value="Zero based"/>
    <property name="line.separator" value="&#10;"/>
    <property name="java.vm.specification.vendor" value="Oracle Corporation"/>
    <property name="java.specification.name" value="Java Platform API Specification"/>
    <property name="apple.awt.application.name" value="ForkedBooter"/>
    <property name="surefire.real.class.path" value="/Users/shantanukumar/IdeaProjects/mcuserservice/target/surefire/surefirebooter-20240313200221960_3.jar"/>
    <property name="sun.management.compiler" value="HotSpot 64-Bit Tiered Compilers"/>
    <property name="ftp.nonProxyHosts" value="local|*.local|169.254/16|*.169.254/16"/>
    <property name="java.runtime.version" value="21.0.1"/>
    <property name="user.name" value="shantanukumar"/>
    <property name="stdout.encoding" value="UTF-8"/>
    <property name="path.separator" value=":"/>
    <property name="os.version" value="14.4"/>
    <property name="java.runtime.name" value="OpenJDK Runtime Environment"/>
    <property name="file.encoding" value="UTF-8"/>
    <property name="java.vm.name" value="OpenJDK 64-Bit Server VM"/>
    <property name="java.vendor.version" value="Homebrew"/>
    <property name="localRepository" value="/Users/shantanukumar/.m2/repository"/>
    <property name="java.vendor.url.bug" value="https://github.com/Homebrew/homebrew-core/issues"/>
    <property name="java.io.tmpdir" value="/var/folders/mc/fvl8slzs2r32kk2xyrc5wzz40000gn/T/"/>
    <property name="java.version" value="21.0.1"/>
    <property name="user.dir" value="/Users/shantanukumar/IdeaProjects/mcuserservice"/>
    <property name="os.arch" value="aarch64"/>
    <property name="java.vm.specification.name" value="Java Virtual Machine Specification"/>
    <property name="native.encoding" value="UTF-8"/>
    <property name="java.library.path" value="/Users/shantanukumar/Library/Java/Extensions:/Library/Java/Extensions:/Network/Library/Java/Extensions:/System/Library/Java/Extensions:/usr/lib/java:."/>
    <property name="java.vm.info" value="mixed mode, sharing"/>
    <property name="stderr.encoding" value="UTF-8"/>
    <property name="java.vendor" value="Homebrew"/>
    <property name="java.vm.version" value="21.0.1"/>
    <property name="sun.io.unicode.encoding" value="UnicodeBig"/>
    <property name="socksNonProxyHosts" value="local|*.local|169.254/16|*.169.254/16"/>
    <property name="java.class.version" value="65.0"/>
  </properties>
  <testcase name="shouldCreateNewUser" classname="dev.shann.mcuserservice.McUserServiceTest" time="0.624">
    <system-err><![CDATA[WARNING: A Java agent has been loaded dynamically (/Users/shantanukumar/.m2/repository/net/bytebuddy/byte-buddy-agent/1.14.8/byte-buddy-agent-1.14.8.jar)
WARNING: If a serviceability tool is in use, please run with -XX:+EnableDynamicAgentLoading to hide this warning
WARNING: If a serviceability tool is not in use, please run with -Djdk.instrument.traceUsage for more information
WARNING: Dynamic loading of agents will be disallowed by default in a future release
]]></system-err>
  </testcase>
  <testcase name="shouldNotBeAbleToCreateNewUser" classname="dev.shann.mcuserservice.McUserServiceTest" time="0.004"/>
  <testcase name="shouldAuthenticate" classname="dev.shann.mcuserservice.McUserServiceTest" time="0.002"/>
  <testcase name="shouldNotBeAbleToAuthenticate" classname="dev.shann.mcuserservice.McUserServiceTest" time="0.004"/>
</testsuite>